<?xml version="1.0" encoding="UTF-8"?>
<testsuite xmlns:xsi="http://www.w3.org/2001/XMLSchema-instance" xsi:noNamespaceSchemaLocation="https://maven.apache.org/surefire/maven-surefire-plugin/xsd/surefire-test-report.xsd" version="3.0.2" name="com.triangulo.RunCucumberTest" time="0.182" tests="9" errors="0" skipped="0" failures="0">
  <properties>
[...]
</properties>
  <testcase name="Example #1.1" classname="RunCucumberTest" time="0.044">
    <system-out><![CDATA[
Esquema do Cenário: Validar classes de equivalência e limites &amp#27;[90m# com/triangulo/triangulo.feature:14&amp#27;[0m
  &amp#27;[32mDado &amp#27;[0m&amp#27;[32mque os lados do triângulo são &amp#27;[0m&amp#27;[32m&amp#27;[1m5&amp#27;[0m&amp#27;[32m, &amp#27;[0m&amp#27;[32m&amp#27;[1m5&amp#27;[0m&amp#27;[32m e &amp#27;[0m&amp#27;[32m&amp#27;[1m5&amp#27;[0m                 &amp#27;[90m# com.triangulo.TrianguloSteps.configurarLados(int,int,int)&amp#27;[0m
  &amp#27;[32mQuando &amp#27;[0m&amp#27;[32meu executo a classificação&amp#27;[0m                           &amp#27;[90m# com.triangulo.TrianguloSteps.executarClassificacao()&amp#27;[0m
  &amp#27;[32mEntão &amp#27;[0m&amp#27;[32mo resultado deve ser &amp#27;[0m&amp#27;[32m&amp#27;[1m"Equilátero"&amp#27;[0m                     &amp#27;[90m# com.triangulo.TrianguloSteps.verificarResultado(java.lang.String)&amp#27;[0m
]]></system-out>
  </testcase>
  <testcase name="Example #1.2" classname="RunCucumberTest" time="0.004">
    <system-out><![CDATA[
Esquema do Cenário: Validar classes de equivalência e limites &amp#27;[90m# com/triangulo/triangulo.feature:15&amp#27;[0m
  &amp#27;[32mDado &amp#27;[0m&amp#27;[32mque os lados do triângulo são &amp#27;[0m&amp#27;[32m&amp#27;[1m10&amp#27;[0m&amp#27;[32m, &amp#27;[0m&amp#27;[32m&amp#27;[1m10&amp#27;[0m&amp#27;[32m e &amp#27;[0m&amp#27;[32m&amp#27;[1m15&amp#27;[0m              &amp#27;[90m# com.triangulo.TrianguloSteps.configurarLados(int,int,int)&amp#27;[0m
  &amp#27;[32mQuando &amp#27;[0m&amp#27;[32meu executo a classificação&amp#27;[0m                           &amp#27;[90m# com.triangulo.TrianguloSteps.executarClassificacao()&amp#27;[0m
  &amp#27;[32mEntão &amp#27;[0m&amp#27;[32mo resultado deve ser &amp#27;[0m&amp#27;[32m&amp#27;[1m"Isósceles"&amp#27;[0m                      &amp#27;[90m# com.triangulo.TrianguloSteps.verificarResultado(java.lang.String)&amp#27;[0m
]]></system-out>
  </testcase>
  <testcase name="Example #1.3" classname="RunCucumberTest" time="0.003">
    <system-out><![CDATA[
Esquema do Cenário: Validar classes de equivalência e limites &amp#27;[90m# com/triangulo/triangulo.feature:16&amp#27;[0m
  &amp#27;[32mDado &amp#27;[0m&amp#27;[32mque os lados do triângulo são &amp#27;[0m&amp#27;[32m&amp#27;[1m3&amp#27;[0m&amp#27;[32m, &amp#27;[0m&amp#27;[32m&amp#27;[1m4&amp#27;[0m&amp#27;[32m e &amp#27;[0m&amp#27;[32m&amp#27;[1m5&amp#27;[0m                 &amp#27;[90m# com.triangulo.TrianguloSteps.configurarLados(int,int,int)&amp#27;[0m
  &amp#27;[32mQuando &amp#27;[0m&amp#27;[32meu executo a classificação&amp#27;[0m                           &amp#27;[90m# com.triangulo.TrianguloSteps.executarClassificacao()&amp#27;[0m
  &amp#27;[32mEntão &amp#27;[0m&amp#27;[32mo resultado deve ser &amp#27;[0m&amp#27;[32m&amp#27;[1m"Escaleno"&amp#27;[0m                       &amp#27;[90m# com.triangulo.TrianguloSteps.verificarResultado(java.lang.String)&amp#27;[0m
]]></system-out>
  </testcase>
  <testcase name="Example #1.4" classname="RunCucumberTest" time="0.005">
    <system-out><![CDATA[
Esquema do Cenário: Validar classes de equivalência e limites &amp#27;[90m# com/triangulo/triangulo.feature:17&amp#27;[0m
  &amp#27;[32mDado &amp#27;[0m&amp#27;[32mque os lados do triângulo são &amp#27;[0m&amp#27;[32m&amp#27;[1m1&amp#27;[0m&amp#27;[32m, &amp#27;[0m&amp#27;[32m&amp#27;[1m2&amp#27;[0m&amp#27;[32m e &amp#27;[0m&amp#27;[32m&amp#27;[1m3&amp#27;[0m                 &amp#27;[90m# com.triangulo.TrianguloSteps.configurarLados(int,int,int)&amp#27;[0m
  &amp#27;[32mQuando &amp#27;[0m&amp#27;[32meu executo a classificação&amp#27;[0m                           &amp#27;[90m# com.triangulo.TrianguloSteps.executarClassificacao()&amp#27;[0m
  &amp#27;[32mEntão &amp#27;[0m&amp#27;[32mo resultado deve ser &amp#27;[0m&amp#27;[32m&amp#27;[1m"Não é um triângulo"&amp#27;[0m             &amp#27;[90m# com.triangulo.TrianguloSteps.verificarResultado(java.lang.String)&amp#27;[0m
]]></system-out>
  </testcase>
  <testcase name="Example #1.5" classname="RunCucumberTest" time="0.004">
    <system-out><![CDATA[
Esquema do Cenário: Validar classes de equivalência e limites &amp#27;[90m# com/triangulo/triangulo.feature:18&amp#27;[0m
  &amp#27;[32mDado &amp#27;[0m&amp#27;[32mque os lados do triângulo são &amp#27;[0m&amp#27;[32m&amp#27;[1m1&amp#27;[0m&amp#27;[32m, &amp#27;[0m&amp#27;[32m&amp#27;[1m1&amp#27;[0m&amp#27;[32m e &amp#27;[0m&amp#27;[32m&amp#27;[1m1&amp#27;[0m                 &amp#27;[90m# com.triangulo.TrianguloSteps.configurarLados(int,int,int)&amp#27;[0m
  &amp#27;[32mQuando &amp#27;[0m&amp#27;[32meu executo a classificação&amp#27;[0m                           &amp#27;[90m# com.triangulo.TrianguloSteps.executarClassificacao()&amp#27;[0m
  &amp#27;[32mEntão &amp#27;[0m&amp#27;[32mo resultado deve ser &amp#27;[0m&amp#27;[32m&amp#27;[1m"Equilátero"&amp#27;[0m                     &amp#27;[90m# com.triangulo.TrianguloSteps.verificarResultado(java.lang.String)&amp#27;[0m
]]></system-out>
  </testcase>
  <testcase name="Example #1.6" classname="RunCucumberTest" time="0.004">
    <system-out><![CDATA[
Esquema do Cenário: Validar classes de equivalência e limites &amp#27;[90m# com/triangulo/triangulo.feature:19&amp#27;[0m
  &amp#27;[32mDado &amp#27;[0m&amp#27;[32mque os lados do triângulo são &amp#27;[0m&amp#27;[32m&amp#27;[1m200&amp#27;[0m&amp#27;[32m, &amp#27;[0m&amp#27;[32m&amp#27;[1m200&amp#27;[0m&amp#27;[32m e &amp#27;[0m&amp#27;[32m&amp#27;[1m200&amp#27;[0m           &amp#27;[90m# com.triangulo.TrianguloSteps.configurarLados(int,int,int)&amp#27;[0m
  &amp#27;[32mQuando &amp#27;[0m&amp#27;[32meu executo a classificação&amp#27;[0m                           &amp#27;[90m# com.triangulo.TrianguloSteps.executarClassificacao()&amp#27;[0m
  &amp#27;[32mEntão &amp#27;[0m&amp#27;[32mo resultado deve ser &amp#27;[0m&amp#27;[32m&amp#27;[1m"Equilátero"&amp#27;[0m                     &amp#27;[90m# com.triangulo.TrianguloSteps.verificarResultado(java.lang.String)&amp#27;[0m
]]></system-out>
  </testcase>
  <testcase name="Example #1.7" classname="RunCucumberTest" time="0.005">
    <system-out><![CDATA[
Esquema do Cenário: Validar classes de equivalência e limites &amp#27;[90m# com/triangulo/triangulo.feature:20&amp#27;[0m
  &amp#27;[32mDado &amp#27;[0m&amp#27;[32mque os lados do triângulo são &amp#27;[0m&amp#27;[32m&amp#27;[1m0&amp#27;[0m&amp#27;[32m, &amp#27;[0m&amp#27;[32m&amp#27;[1m100&amp#27;[0m&amp#27;[32m e &amp#27;[0m&amp#27;[32m&amp#27;[1m100&amp#27;[0m             &amp#27;[90m# com.triangulo.TrianguloSteps.configurarLados(int,int,int)&amp#27;[0m
  &amp#27;[32mQuando &amp#27;[0m&amp#27;[32meu executo a classificação&amp#27;[0m                           &amp#27;[90m# com.triangulo.TrianguloSteps.executarClassificacao()&amp#27;[0m
  &amp#27;[32mEntão &amp#27;[0m&amp#27;[32mo resultado deve ser &amp#27;[0m&amp#27;[32m&amp#27;[1m"Lados inválidos"&amp#27;[0m                &amp#27;[90m# com.triangulo.TrianguloSteps.verificarResultado(java.lang.String)&amp#27;[0m
]]></system-out>
  </testcase>
  <testcase name="Example #1.8" classname="RunCucumberTest" time="0.005">
    <system-out><![CDATA[
Esquema do Cenário: Validar classes de equivalência e limites &amp#27;[90m# com/triangulo/triangulo.feature:21&amp#27;[0m
  &amp#27;[32mDado &amp#27;[0m&amp#27;[32mque os lados do triângulo são &amp#27;[0m&amp#27;[32m&amp#27;[1m201&amp#27;[0m&amp#27;[32m, &amp#27;[0m&amp#27;[32m&amp#27;[1m100&amp#27;[0m&amp#27;[32m e &amp#27;[0m&amp#27;[32m&amp#27;[1m100&amp#27;[0m           &amp#27;[90m# com.triangulo.TrianguloSteps.configurarLados(int,int,int)&amp#27;[0m
  &amp#27;[32mQuando &amp#27;[0m&amp#27;[32meu executo a classificação&amp#27;[0m                           &amp#27;[90m# com.triangulo.TrianguloSteps.executarClassificacao()&amp#27;[0m
  &amp#27;[32mEntão &amp#27;[0m&amp#27;[32mo resultado deve ser &amp#27;[0m&amp#27;[32m&amp#27;[1m"Lados inválidos"&amp#27;[0m                &amp#27;[90m# com.triangulo.TrianguloSteps.verificarResultado(java.lang.String)&amp#27;[0m
]]></system-out>
  </testcase>
  <testcase name="Example #1.9" classname="RunCucumberTest" time="0.003">
    <system-out><![CDATA[
Esquema do Cenário: Validar classes de equivalência e limites &amp#27;[90m# com/triangulo/triangulo.feature:22&amp#27;[0m
  &amp#27;[32mDado &amp#27;[0m&amp#27;[32mque os lados do triângulo são &amp#27;[0m&amp#27;[32m&amp#27;[1m100&amp#27;[0m&amp#27;[32m, &amp#27;[0m&amp#27;[32m&amp#27;[1m201&amp#27;[0m&amp#27;[32m e &amp#27;[0m&amp#27;[32m&amp#27;[1m100&amp#27;[0m           &amp#27;[90m# com.triangulo.TrianguloSteps.configurarLados(int,int,int)&amp#27;[0m
  &amp#27;[32mQuando &amp#27;[0m&amp#27;[32meu executo a classificação&amp#27;[0m                           &amp#27;[90m# com.triangulo.TrianguloSteps.executarClassificacao()&amp#27;[0m
  &amp#27;[32mEntão &amp#27;[0m&amp#27;[32mo resultado deve ser &amp#27;[0m&amp#27;[32m&amp#27;[1m"Lados inválidos"&amp#27;[0m                &amp#27;[90m# com.triangulo.TrianguloSteps.verificarResultado(java.lang.String)&amp#27;[0m
]]></system-out>
  </testcase>
</testsuite>